        -:    0:Source:C:/Users/Usuario/CLionProjects/TPI---Algoritos-I/auxiliares.cpp
        -:    0:Graph:C:\Users\Usuario\CLionProjects\TPI---Algoritos-I\cmake-build-debug\CMakeFiles\juegoDeLaVida.dir\auxiliares.gcno
        -:    0:Data:C:\Users\Usuario\CLionProjects\TPI---Algoritos-I\cmake-build-debug\CMakeFiles\juegoDeLaVida.dir\auxiliares.gcda
        -:    0:Runs:1
        -:    1:#include "definiciones.h"
        -:    2:#include "auxiliares.h"
        -:    3:
        -:    4:
        -:    5:using namespace std;
        -:    6:// aqui se pueden ubicar todas las funciones auxiliares de soporte para la resolucion de los ejercicios
       15:    7:pair<int,int> mp(int a, int b) {
       15:    8:    return make_pair(a, b);
       15:    8-block  0
        -:    9:}
        -:   10:
        6:   11:vector<posicion> ordenar(vector<posicion> &v) {
        6:   12:    sort(v.begin(), v.end());
        6:   12-block  0
        6:   13:    return v;
        -:   14:}
        -:   15:
  5899347:   16:int mod (int a, int b)
        -:   17:{
  5899347:   18:    int res = a % b;
  5899347:   19:    if(res < 0)
  5899347:   19-block  0
   131138:   20:        res+=b;
   131138:   20-block  0
  5899347:   21:    return res;
  5899347:   21-block  0
        -:   22:}
        -:   23:
        -:   24:
        -:   25:
        5:   26:bool esRectangulo(toroide const &t){
        5:   27:    int filas = t.size();
        5:   27-block  0
        5:   28:    int columnas = t[0].size();
        -:   29:
       17:   30:    for(int i = 0; i < filas; i++){
       17:   30-block  0
       12:   30-block  1
       13:   31:        if(t[i].size() != columnas){
       13:   31-block  0
        1:   32:            return false;
        1:   32-block  0
        -:   33:        }
        -:   34:    }
        4:   35:    return filas > 0 && columnas > 0;
        4:   35-block  0
        4:   35-block  1
        2:   35-block  2
        2:   35-block  3
        4:   35-block  4
        -:   36:}
        -:   37:
        -:   38:
        -:   39:
        3:   40:int superficieTotal(toroide const &t){
        3:   41:    return t.size() * t[0].size();
        3:   41-block  0
        -:   42:}
        -:   43:
        -:   44:
        3:   45:int cantidadVivas(toroide const &t){
        3:   46:    int total_vivas = 0;
        3:   47:    int filas = t.size();
        3:   47-block  0
        3:   48:    int columnas = t[0].size();
        -:   49:
       18:   50:    for(int i = 0; i < filas; i++){
       18:   50-block  0
       15:   50-block  1
       75:   51:        for(int j = 0; j < columnas; j++){
       15:   51-block  0
       75:   51-block  1
       60:   51-block  2
       60:   52:            if (t[i][j]){
       60:   52-block  0
       30:   53:                total_vivas ++;
       30:   53-block  0
        -:   54:            }
        -:   55:        }
        -:   56:    }
        3:   57:    return total_vivas;
        3:   57-block  0
        -:   58:}
        -:   59:
     6388:   60:bool sigueViva(toroide const &t, posicion x){
     6388:   61:    if(t[x.first][x.second] && (cantidadVecinos(t, x)<=3 && cantidadVecinos(t, x)>=2)){
     6388:   61-block  0
     6387:   61-block  1
     5694:   61-block  2
     3773:   61-block  3
     2615:   61-block  4
     6388:   61-block  5
     3773:   62:        return true;
     3773:   62-block  0
        -:   63:    }
     2615:   64:    return false;
     2615:   64-block  0
        -:   65:}
        -:   66:
   356545:   67:bool reproduccion(toroide const &t, posicion x){
   356545:   68:    if(!(t[x.first][x.second]) && cantidadVecinos(t, x)==3){
   356545:   68-block  0
   356543:   68-block  1
     2547:   68-block  2
   353998:   68-block  3
   356545:   68-block  4
     2547:   69:        return true;
     2547:   69-block  0
        -:   70:    }
   353998:   71:    return false;
   353998:   71-block  0
        -:   72:}
        -:   73:
   368624:   74:int cantidadVecinos(toroide const &t, posicion x) {
   368624:   75:    int filas = t.size();
   368624:   75-block  0
   368624:   76:    int columnas = t[0].size();
        -:   77:
   368624:   78:    int vecinos = 0;
  1474496:   79:    for(int i = -1; i<=1; i++){
  1474496:   79-block  0
  1105872:   79-block  1
  4423488:   80:        for(int j = -1; j<=1; j++){
  1105872:   80-block  0
  4423488:   80-block  1
  3317616:   80-block  2
  3317616:   81:            if(i == 0 && j == 0){
  3317616:   81-block  0
  1105872:   81-block  1
   368624:   82:                continue;
   368624:   82-block  0
        -:   83:            }else{
  2948992:   84:                vecinos += int(t[mod(x.first+j, filas)][mod(x.second+i, columnas)]); //Chequear Bien q sume bool a int
  2948992:   84-block  0
        -:   85:            }
        -:   86:        }
        -:   87:    }
   368624:   88:    return vecinos;
   368624:   88-block  0
        -:   89:}
        -:   90:
        -:   91:
     1300:   92:bool toroideMuerto(toroide const &t){
     1300:   93:    int filas = t.size();
     1300:   93-block  0
     1300:   94:    int columnas = t[0].size();
        -:   95:    
    10662:   96:    for(int i =0; i < filas; i++){
    10662:   96-block  0
     9362:   96-block  1
   157356:   97:        for(int j=0; j < columnas;j++){
    10637:   97-block  0
   157356:   97-block  1
   146719:   97-block  2
   147994:   98:            if(t[i][j]){
   147994:   98-block  0
     1275:   99:                return false;
     1275:   99-block  0
        -:  100:            }
        -:  101:        }
        -:  102:    }
       25:  103:    return true;
       25:  103-block  0
        -:  104:}
        -:  105:
       55:  106:void generarVistaColumnas(toroide &t){
      110:  107:    toroide t0 = t;
       55:  107-block  0
       55:  107-block  1
       55:  108:    int filas = t0.size();
       55:  108-block  0
       55:  109:    int columnas = t0[0].size();
        -:  110:    
      253:  111:    for(int i = 0; i < filas; i++){
      253:  111-block  0
      198:  111-block  1
      956:  112:        for (int j = 0; j < columnas; j++){
      198:  112-block  0
      956:  112-block  1
      758:  113:            t[i][j] = t0[i][mod((j - 1), columnas)];
      758:  113-block  0
        -:  114:        }
        -:  115:    }
       55:  116:}
        -:  117:
       58:  118:void generarVistaFilas(toroide &t){
      116:  119:    toroide t0 = t;
       58:  119-block  0
       58:  119-block  1
       58:  120:    int filas = t0.size();
       58:  120-block  0
       58:  121:    int columnas = t0[0].size();
        -:  122:    
      246:  123:    for(int i = 0; i < filas; i++){
      246:  123-block  0
      188:  123-block  1
      793:  124:        for (int j = 0; j < columnas; j++){
      188:  124-block  0
      793:  124-block  1
      605:  125:            t[i][j] = t0[mod((i - 1), filas)][j];
      605:  125-block  0
        -:  126:        }
        -:  127:    }
       58:  128:}
        -:  129:
        2:  130:int indiceDelMaximo(vector<int> const &t){
        2:  131:    int indice = 0;
        2:  132:    int comparador = 0;
        2:  133:    int filas = t.size();
        2:  133-block  0
        8:  134:    for(int i=0; i < filas; i++){
        8:  134-block  0
        6:  134-block  1
        6:  135:        if(comparador<=t[i]){
        6:  135-block  0
        2:  136:            comparador = t[i];
        2:  136-block  0
        2:  137:            indice = i;
        -:  138:        }
        -:  139:    }
        2:  140:    return indice;
        2:  140-block  0
        -:  141:}
        -:  142:
        3:  143:vector<toroide> generarVistas(toroide const &t){
        3:  144:    vector<toroide> vistas;
        3:  144-block  0
        6:  145:    toroide copiaT = t;
        3:  145-block  0
    $$$$$:  145-block  1
        3:  146:    vistas.push_back(copiaT);
        3:  146-block  0
        3:  147:    int filas = t.size();
        3:  147-block  0
        3:  148:    int columnas = t[0].size();
        -:  149:    
       14:  150:    for(int i = 0; i < filas; i++){
       14:  150-block  0
       11:  150-block  1
       11:  151:        generarVistaFilas(copiaT);
       11:  151-block  0
       11:  152:        vistas.push_back(copiaT);
       11:  152-block  0
       55:  153:        for(int j = 0; j < columnas; j++){
       11:  153-block  0
       55:  153-block  1
       44:  153-block  2
       44:  154:            generarVistaColumnas(copiaT);
       44:  154-block  0
       44:  155:            vistas.push_back(copiaT);
       44:  155-block  0
        -:  156:        }
        -:  157:    }
        6:  158:    return vistas;
        3:  158-block  0
        3:  158-block  1
        -:  159:}
        -:  160:
        -:  161:
       68:  162:int filaMinima(toroide const &t){
       68:  163:    int fila = 0;
       68:  164:    int filas = t.size();
       68:  164-block  0
        -:  165:    
      320:  166:    for(int i = 0; i < filas;i++){
      320:  166-block  0
      252:  166-block  1
      252:  167:        if(find(t[i].begin(), t[i].end(), true) != t[i].end() && fila >= i){
      252:  167-block  0
      252:  167-block  1
      136:  167-block  2
       42:  167-block  3
      210:  167-block  4
      252:  167-block  5
    $$$$$:  167-block  6
    $$$$$:  167-block  7
       42:  168:            fila = i;
       42:  168-block  0
        -:  169:        }
        -:  170:    }
       68:  171:    return fila;
       68:  171-block  0
       68:  171-block  1
        -:  172:}
        -:  173:
       68:  174:int filaMaxima(toroide const &t){
       68:  175:    int fila = 0;
       68:  176:    int filas = t.size();
       68:  176-block  0
        -:  177:    
      320:  178:    for(int i = 0; i < filas;i++){
      320:  178-block  0
      252:  178-block  1
      252:  179:        if(find(t[i].begin(), t[i].end(), true) != t[i].end() && fila <= i){
      252:  179-block  0
      252:  179-block  1
      136:  179-block  2
      136:  179-block  3
      116:  179-block  4
      252:  179-block  5
    $$$$$:  179-block  6
    $$$$$:  179-block  7
      136:  180:            fila = i;
      136:  180-block  0
        -:  181:        }
        -:  182:    }
       68:  183:    return fila;
       68:  183-block  0
       68:  183-block  1
        -:  184:}
        -:  185:
       68:  186:int columnaMinima(toroide const &t){
       68:  187:    int columna = 0;
       68:  188:    int filas = t.size();
       68:  188-block  0
       68:  189:    int columnas = t[0].size();
        -:  190:    
      320:  191:    for(int i = 0; i < filas;i++){
      320:  191-block  0
      252:  191-block  1
     1260:  192:        for(int j = 0; j < columnas; j++){
      252:  192-block  0
     1260:  192-block  1
     1008:  192-block  2
     1008:  193:            if(t[i][j] && j <= columna){
     1008:  193-block  0
      248:  193-block  1
       74:  193-block  2
      934:  193-block  3
     1008:  193-block  4
       74:  194:                columna = j;
       74:  194-block  0
        -:  195:            }
        -:  196:        }
        -:  197:    }
       68:  198:    return columna;
       68:  198-block  0
        -:  199:}
        -:  200:
       68:  201:int columnaMaxima(toroide const &t){
       68:  202:    int columna = 0;
       68:  203:    int filas = t.size();
       68:  203-block  0
       68:  204:    int columnas = t[0].size();
        -:  205:    
      320:  206:    for(int i = 0; i < filas;i++){
      320:  206-block  0
      252:  206-block  1
     1260:  207:        for(int j = 0; j < columnas; j++){
      252:  207-block  0
     1260:  207-block  1
     1008:  207-block  2
     1008:  208:            if(t[i][j] && j >= columna){
     1008:  208-block  0
      248:  208-block  1
      178:  208-block  2
      830:  208-block  3
     1008:  208-block  4
      178:  209:                columna = j;
      178:  209-block  0
        -:  210:            }
        -:  211:        }
        -:  212:    }
       68:  213:    return columna;
       68:  213-block  0
        -:  214:}
        -:  215:
       68:  216:int areaPosicionesVivas(toroide const &t){
       68:  217:    int fMin = filaMinima(t);
       68:  217-block  0
       68:  218:    int fMax = filaMaxima(t);
       68:  219:    int cMin = columnaMinima(t);
       68:  220:    int cMax = columnaMaxima(t);
       68:  221:    return (fMax+1-fMin)*(cMax+1-cMin);
        -:  222:}
        -:  223:
        -:  224:
        -:  225:
        -:  226:
