        -:    0:Source:C:/Users/Usuario/CLionProjects/TPI---Algoritos-I/tests/EJ01_toroideValidoTEST.cpp
        -:    0:Graph:C:\Users\Usuario\CLionProjects\TPI---Algoritos-I\cmake-build-debug\CMakeFiles\juegoDeLaVida.dir\tests\EJ01_toroideValidoTEST.gcno
        -:    0:Data:C:\Users\Usuario\CLionProjects\TPI---Algoritos-I\cmake-build-debug\CMakeFiles\juegoDeLaVida.dir\tests\EJ01_toroideValidoTEST.gcda
        -:    0:Runs:1
        -:    1:#include "../ejercicios.h"
        -:    2:#include "gtest/gtest.h"
        -:    3:
        -:    4:using namespace std;
        -:    5:
        2:    6:TEST(toroideValidoTEST, toroideVacio){
        4:    7:    toroide t = { vector<bool> () };
       1*:    8:    EXPECT_FALSE(toroideValido(t));
        1:    9:}
------------------
_ZN35toroideValidoTEST_toroideVacio_Test8TestBodyEv:
        1:    6:TEST(toroideValidoTEST, toroideVacio){
        4:    7:    toroide t = { vector<bool> () };
        1:    7-block  0
        1:    7-block  1
    $$$$$:    7-block  2
    $$$$$:    7-block  3
    $$$$$:    7-block  4
    $$$$$:    7-block  5
       1*:    8:    EXPECT_FALSE(toroideValido(t));
        1:    8-block  0
        1:    8-block  1
        1:    8-block  2
    %%%%%:    8-block  3
    %%%%%:    8-block  4
    %%%%%:    8-block  5
    %%%%%:    8-block  6
    %%%%%:    8-block  7
        1:    8-block  8
    $$$$$:    8-block  9
    $$$$$:    8-block 10
    $$$$$:    8-block 11
    $$$$$:    8-block 12
    $$$$$:    8-block 13
    $$$$$:    8-block 14
    $$$$$:    8-block 15
    $$$$$:    8-block 16
        1:    9:}
------------------
_ZN35toroideValidoTEST_toroideVacio_TestC1Ev:
        1:    6:TEST(toroideValidoTEST, toroideVacio){
        1:    6-block  0
------------------
        -:   10:
        2:   11:TEST(toroideValidoTEST, toroideVacio5Filas){
        2:   12:    vector<bool> vacio;
        8:   13:    toroide t = { vacio, vacio, vacio, vacio, vacio };
       1*:   14:    EXPECT_FALSE(toroideValido(t));
        1:   15:}
------------------
_ZN41toroideValidoTEST_toroideVacio5Filas_Test8TestBodyEv:
        1:   11:TEST(toroideValidoTEST, toroideVacio5Filas){
        2:   12:    vector<bool> vacio;
        1:   12-block  0
    $$$$$:   12-block  1
        8:   13:    toroide t = { vacio, vacio, vacio, vacio, vacio };
        1:   13-block  0
        1:   13-block  1
        1:   13-block  2
        1:   13-block  3
        1:   13-block  4
        5:   13-block  5
    $$$$$:   13-block  6
    $$$$$:   13-block  7
    $$$$$:   13-block  8
    $$$$$:   13-block  9
       1*:   14:    EXPECT_FALSE(toroideValido(t));
        1:   14-block  0
        1:   14-block  1
        1:   14-block  2
    %%%%%:   14-block  3
    %%%%%:   14-block  4
    %%%%%:   14-block  5
    %%%%%:   14-block  6
    %%%%%:   14-block  7
        1:   14-block  8
    $$$$$:   14-block  9
    $$$$$:   14-block 10
    $$$$$:   14-block 11
    $$$$$:   14-block 12
    $$$$$:   14-block 13
    $$$$$:   14-block 14
    $$$$$:   14-block 15
    $$$$$:   14-block 16
        1:   15:}
------------------
_ZN41toroideValidoTEST_toroideVacio5Filas_TestC1Ev:
        1:   11:TEST(toroideValidoTEST, toroideVacio5Filas){
        1:   11-block  0
------------------
        -:   16:
        2:   17:TEST(toroideValidoTEST, diagonalTresPorTres) {
        -:   18:    toroide t = { {true, false, false},
        -:   19:                  {false, true, false},
        -:   20:                  {false, false, true}
        7:   21:    };
       1*:   22:    EXPECT_TRUE(toroideValido(t));
        1:   23:}
------------------
_ZN42toroideValidoTEST_diagonalTresPorTres_Test8TestBodyEv:
        1:   17:TEST(toroideValidoTEST, diagonalTresPorTres) {
        -:   18:    toroide t = { {true, false, false},
        -:   19:                  {false, true, false},
        -:   20:                  {false, false, true}
        7:   21:    };
        1:   21-block  0
        1:   21-block  1
        1:   21-block  2
        1:   21-block  3
        3:   21-block  4
        1:   21-block  5
    $$$$$:   21-block  6
    $$$$$:   21-block  7
    $$$$$:   21-block  8
    $$$$$:   21-block  9
    $$$$$:   21-block 10
    $$$$$:   21-block 11
    $$$$$:   21-block 12
    $$$$$:   21-block 13
    $$$$$:   21-block 14
    $$$$$:   21-block 15
       1*:   22:    EXPECT_TRUE(toroideValido(t));
        1:   22-block  0
        1:   22-block  1
    %%%%%:   22-block  2
    %%%%%:   22-block  3
    %%%%%:   22-block  4
    %%%%%:   22-block  5
    %%%%%:   22-block  6
        1:   22-block  7
    $$$$$:   22-block  8
    $$$$$:   22-block  9
    $$$$$:   22-block 10
    $$$$$:   22-block 11
    $$$$$:   22-block 12
    $$$$$:   22-block 13
    $$$$$:   22-block 14
    $$$$$:   22-block 15
        1:   23:}
------------------
_ZN42toroideValidoTEST_diagonalTresPorTres_TestC1Ev:
        1:   17:TEST(toroideValidoTEST, diagonalTresPorTres) {
        1:   17-block  0
------------------
        -:   24:
        2:   25:TEST(toroideValidoTEST, toroideRaro){
        -:   26:    toroide t = { {true,true,false},
        -:   27:                  {false,true,true,true,true},
        -:   28:                  {true},
        -:   29:                  {}
        8:   30:    };
       1*:   31:    EXPECT_FALSE(toroideValido(t));
        1:   32:}
------------------
_ZN34toroideValidoTEST_toroideRaro_Test8TestBodyEv:
        1:   25:TEST(toroideValidoTEST, toroideRaro){
        -:   26:    toroide t = { {true,true,false},
        -:   27:                  {false,true,true,true,true},
        -:   28:                  {true},
        -:   29:                  {}
        8:   30:    };
        1:   30-block  0
        1:   30-block  1
        1:   30-block  2
        1:   30-block  3
        4:   30-block  4
        1:   30-block  5
    $$$$$:   30-block  6
    $$$$$:   30-block  7
    $$$$$:   30-block  8
    $$$$$:   30-block  9
    $$$$$:   30-block 10
    $$$$$:   30-block 11
    $$$$$:   30-block 12
    $$$$$:   30-block 13
    $$$$$:   30-block 14
    $$$$$:   30-block 15
       1*:   31:    EXPECT_FALSE(toroideValido(t));
        1:   31-block  0
        1:   31-block  1
    %%%%%:   31-block  2
    %%%%%:   31-block  3
    %%%%%:   31-block  4
    %%%%%:   31-block  5
    %%%%%:   31-block  6
        1:   31-block  7
    $$$$$:   31-block  8
    $$$$$:   31-block  9
    $$$$$:   31-block 10
    $$$$$:   31-block 11
    $$$$$:   31-block 12
    $$$$$:   31-block 13
    $$$$$:   31-block 14
    $$$$$:   31-block 15
        1:   32:}
------------------
_ZN34toroideValidoTEST_toroideRaro_TestC1Ev:
        1:   25:TEST(toroideValidoTEST, toroideRaro){
        1:   25-block  0
------------------
        -:   33:
        2:   34:TEST(toroideValidoTEST, toroide2por2){
        -:   35:    toroide t = { {true,true},
        -:   36:                  {false,false},
        6:   37:    };
       1*:   38:    EXPECT_FALSE(toroideValido(t));
        1:   39:}
------------------
_ZN35toroideValidoTEST_toroide2por2_Test8TestBodyEv:
        1:   34:TEST(toroideValidoTEST, toroide2por2){
        -:   35:    toroide t = { {true,true},
        -:   36:                  {false,false},
        6:   37:    };
        1:   37-block  0
        1:   37-block  1
        1:   37-block  2
        2:   37-block  3
        1:   37-block  4
    $$$$$:   37-block  5
    $$$$$:   37-block  6
    $$$$$:   37-block  7
    $$$$$:   37-block  8
    $$$$$:   37-block  9
    $$$$$:   37-block 10
    $$$$$:   37-block 11
    $$$$$:   37-block 12
       1*:   38:    EXPECT_FALSE(toroideValido(t));
        1:   38-block  0
        1:   38-block  1
    %%%%%:   38-block  2
    %%%%%:   38-block  3
    %%%%%:   38-block  4
    %%%%%:   38-block  5
    %%%%%:   38-block  6
        1:   38-block  7
    $$$$$:   38-block  8
    $$$$$:   38-block  9
    $$$$$:   38-block 10
    $$$$$:   38-block 11
    $$$$$:   38-block 12
    $$$$$:   38-block 13
    $$$$$:   38-block 14
    $$$$$:   38-block 15
        1:   39:}
------------------
_ZN35toroideValidoTEST_toroide2por2_TestC1Ev:
        1:   34:TEST(toroideValidoTEST, toroide2por2){
        1:   34-block  0
------------------
