        -:    0:Source:C:/Users/Usuario/CLionProjects/TPI---Algoritos-I/tests/EJ02_posicionesVivasTEST.cpp
        -:    0:Graph:C:\Users\Usuario\CLionProjects\TPI---Algoritos-I\cmake-build-debug\CMakeFiles\juegoDeLaVida.dir\tests\EJ02_posicionesVivasTEST.gcno
        -:    0:Data:C:\Users\Usuario\CLionProjects\TPI---Algoritos-I\cmake-build-debug\CMakeFiles\juegoDeLaVida.dir\tests\EJ02_posicionesVivasTEST.gcda
        -:    0:Runs:1
        -:    1:#include "../ejercicios.h"
        -:    2:#include "../auxiliares.h"
        -:    3:#include "gtest/gtest.h"
        -:    4:#include <algorithm>
        -:    5:
        -:    6:using namespace std;
        -:    7:
        2:    8:TEST(posicionesVivasTEST, toroideDiagonalVivas){
        -:    9:    toroide t = { 
        -:   10:	{true, false, false},
        -:   11:	{false, true, false},
        -:   12:	{false, false, true},
        -:   13:	{true, false, false},
        -:   14:	{false, true, false},
       10:   15:	{false, false, true}};
        -:   16:
        2:   17:    vector<posicion> vivas = {mp(0,0), mp(1,1), mp(2,2), mp(3, 0), mp(4, 1), mp(5, 2)};
        2:   18:    vector<posicion> res = posicionesVivas(t);
       2*:   19:    EXPECT_EQ(ordenar(vivas), ordenar(res));
        1:   20:}
------------------
_ZN45posicionesVivasTEST_toroideDiagonalVivas_Test8TestBodyEv:
        1:    8:TEST(posicionesVivasTEST, toroideDiagonalVivas){
        -:    9:    toroide t = { 
        -:   10:	{true, false, false},
        -:   11:	{false, true, false},
        -:   12:	{false, false, true},
        -:   13:	{true, false, false},
        -:   14:	{false, true, false},
       10:   15:	{false, false, true}};
        1:   15-block  0
        1:   15-block  1
        1:   15-block  2
        1:   15-block  3
        1:   15-block  4
        1:   15-block  5
        1:   15-block  6
        6:   15-block  7
        1:   15-block  8
    $$$$$:   15-block  9
    $$$$$:   15-block 10
    $$$$$:   15-block 11
    $$$$$:   15-block 12
    $$$$$:   15-block 13
    $$$$$:   15-block 14
    $$$$$:   15-block 15
    $$$$$:   15-block 16
    $$$$$:   15-block 17
    $$$$$:   15-block 18
    $$$$$:   15-block 19
    $$$$$:   15-block 20
    $$$$$:   15-block 21
    $$$$$:   15-block 22
    $$$$$:   15-block 23
    $$$$$:   15-block 24
        -:   16:
        2:   17:    vector<posicion> vivas = {mp(0,0), mp(1,1), mp(2,2), mp(3, 0), mp(4, 1), mp(5, 2)};
        1:   17-block  0
        1:   17-block  1
        1:   17-block  2
        1:   17-block  3
        1:   17-block  4
        1:   17-block  5
    $$$$$:   17-block  6
    $$$$$:   17-block  7
    $$$$$:   17-block  8
        2:   18:    vector<posicion> res = posicionesVivas(t);
    $$$$$:   18-block  0
       2*:   19:    EXPECT_EQ(ordenar(vivas), ordenar(res));
        1:   19-block  0
        1:   19-block  1
        1:   19-block  2
    %%%%%:   19-block  3
    %%%%%:   19-block  4
    %%%%%:   19-block  5
    %%%%%:   19-block  6
    %%%%%:   19-block  7
        1:   19-block  8
    $$$$$:   19-block  9
    $$$$$:   19-block 10
    $$$$$:   19-block 11
    $$$$$:   19-block 12
    $$$$$:   19-block 13
    $$$$$:   19-block 14
    $$$$$:   19-block 15
        1:   20:}
------------------
_ZN45posicionesVivasTEST_toroideDiagonalVivas_TestC1Ev:
        1:    8:TEST(posicionesVivasTEST, toroideDiagonalVivas){
        1:    8-block  0
------------------
        -:   21:
        2:   22:TEST(posicionesVivasTEST, toroideMuerto){
        -:   23:    toroide t = {
        -:   24:            {false, false, false},
        -:   25:            {false, false, false},
        -:   26:            {false, false, false},
        -:   27:            {false, false, false},
        -:   28:            {false, false, false},
       10:   29:            {false, false, false}};
        -:   30:
        2:   31:    vector<posicion> vivas = {};
        2:   32:    vector<posicion> res = posicionesVivas(t);
       2*:   33:    EXPECT_EQ(ordenar(vivas), ordenar(res));
        1:   34:}
------------------
_ZN38posicionesVivasTEST_toroideMuerto_Test8TestBodyEv:
        1:   22:TEST(posicionesVivasTEST, toroideMuerto){
        -:   23:    toroide t = {
        -:   24:            {false, false, false},
        -:   25:            {false, false, false},
        -:   26:            {false, false, false},
        -:   27:            {false, false, false},
        -:   28:            {false, false, false},
       10:   29:            {false, false, false}};
        1:   29-block  0
        1:   29-block  1
        1:   29-block  2
        1:   29-block  3
        1:   29-block  4
        1:   29-block  5
        1:   29-block  6
        6:   29-block  7
        1:   29-block  8
    $$$$$:   29-block  9
    $$$$$:   29-block 10
    $$$$$:   29-block 11
    $$$$$:   29-block 12
    $$$$$:   29-block 13
    $$$$$:   29-block 14
    $$$$$:   29-block 15
    $$$$$:   29-block 16
    $$$$$:   29-block 17
    $$$$$:   29-block 18
    $$$$$:   29-block 19
    $$$$$:   29-block 20
    $$$$$:   29-block 21
    $$$$$:   29-block 22
    $$$$$:   29-block 23
    $$$$$:   29-block 24
        -:   30:
        2:   31:    vector<posicion> vivas = {};
    $$$$$:   31-block  0
        2:   32:    vector<posicion> res = posicionesVivas(t);
    $$$$$:   32-block  0
       2*:   33:    EXPECT_EQ(ordenar(vivas), ordenar(res));
        1:   33-block  0
        1:   33-block  1
        1:   33-block  2
    %%%%%:   33-block  3
    %%%%%:   33-block  4
    %%%%%:   33-block  5
    %%%%%:   33-block  6
    %%%%%:   33-block  7
        1:   33-block  8
    $$$$$:   33-block  9
    $$$$$:   33-block 10
    $$$$$:   33-block 11
    $$$$$:   33-block 12
    $$$$$:   33-block 13
    $$$$$:   33-block 14
    $$$$$:   33-block 15
        1:   34:}
------------------
_ZN38posicionesVivasTEST_toroideMuerto_TestC1Ev:
        1:   22:TEST(posicionesVivasTEST, toroideMuerto){
        1:   22-block  0
------------------
        -:   35:
        2:   36:TEST(posicionesVivasTEST, todasVivas){
        -:   37:    toroide t = {
        -:   38:            {true, true, true},
        -:   39:            {true, true, true},
        -:   40:            {true, true, true},
        7:   41:            };
        -:   42:
        2:   43:    vector<posicion> vivas = {mp(0,0), mp(0,1), mp(0,2), mp(1, 0), mp(1, 1), mp(1, 2),mp(2, 0),mp(2, 1),mp(2, 2)};
        2:   44:    vector<posicion> res = posicionesVivas(t);
       2*:   45:    EXPECT_EQ(ordenar(vivas), ordenar(res));
        1:   46:}
------------------
_ZN35posicionesVivasTEST_todasVivas_Test8TestBodyEv:
        1:   36:TEST(posicionesVivasTEST, todasVivas){
        -:   37:    toroide t = {
        -:   38:            {true, true, true},
        -:   39:            {true, true, true},
        -:   40:            {true, true, true},
        7:   41:            };
        1:   41-block  0
        1:   41-block  1
        1:   41-block  2
        1:   41-block  3
        3:   41-block  4
        1:   41-block  5
    $$$$$:   41-block  6
    $$$$$:   41-block  7
    $$$$$:   41-block  8
    $$$$$:   41-block  9
    $$$$$:   41-block 10
    $$$$$:   41-block 11
    $$$$$:   41-block 12
    $$$$$:   41-block 13
    $$$$$:   41-block 14
    $$$$$:   41-block 15
        -:   42:
        2:   43:    vector<posicion> vivas = {mp(0,0), mp(0,1), mp(0,2), mp(1, 0), mp(1, 1), mp(1, 2),mp(2, 0),mp(2, 1),mp(2, 2)};
        1:   43-block  0
        1:   43-block  1
        1:   43-block  2
        1:   43-block  3
        1:   43-block  4
        1:   43-block  5
        1:   43-block  6
        1:   43-block  7
        1:   43-block  8
    $$$$$:   43-block  9
    $$$$$:   43-block 10
    $$$$$:   43-block 11
        2:   44:    vector<posicion> res = posicionesVivas(t);
    $$$$$:   44-block  0
       2*:   45:    EXPECT_EQ(ordenar(vivas), ordenar(res));
        1:   45-block  0
        1:   45-block  1
        1:   45-block  2
    %%%%%:   45-block  3
    %%%%%:   45-block  4
    %%%%%:   45-block  5
    %%%%%:   45-block  6
    %%%%%:   45-block  7
        1:   45-block  8
    $$$$$:   45-block  9
    $$$$$:   45-block 10
    $$$$$:   45-block 11
    $$$$$:   45-block 12
    $$$$$:   45-block 13
    $$$$$:   45-block 14
    $$$$$:   45-block 15
        1:   46:}
------------------
_ZN35posicionesVivasTEST_todasVivas_TestC1Ev:
        1:   36:TEST(posicionesVivasTEST, todasVivas){
        1:   36-block  0
------------------
        -:   47:
        -:   48:
        -:   49:
