        -:    0:Source:C:/Users/Usuario/CLionProjects/TPI---Algoritos-I/tests/EJ03_densidadPoblacionTEST.cpp
        -:    0:Graph:C:\Users\Usuario\CLionProjects\TPI---Algoritos-I\cmake-build-debug\CMakeFiles\juegoDeLaVida.dir\tests\EJ03_densidadPoblacionTEST.gcno
        -:    0:Data:C:\Users\Usuario\CLionProjects\TPI---Algoritos-I\cmake-build-debug\CMakeFiles\juegoDeLaVida.dir\tests\EJ03_densidadPoblacionTEST.gcda
        -:    0:Runs:1
        -:    1:#include "../ejercicios.h"
        -:    2:#include "gtest/gtest.h"
        -:    3:
        -:    4:using namespace std;
        -:    5:
        2:    6:TEST(densidadPoblacionTEST, toroideDiagonal){
        2:    7:    vector<bool> a = { true, true, true, true };
        8:    8:    toroide t = { a, a, a, a, a };
       1*:    9:    EXPECT_NEAR(densidadPoblacion(t), 1.0, 0.01);
        1:   10:}
------------------
_ZN42densidadPoblacionTEST_toroideDiagonal_Test8TestBodyEv:
        1:    6:TEST(densidadPoblacionTEST, toroideDiagonal){
        2:    7:    vector<bool> a = { true, true, true, true };
        1:    7-block  0
    $$$$$:    7-block  1
    $$$$$:    7-block  2
    $$$$$:    7-block  3
        8:    8:    toroide t = { a, a, a, a, a };
        1:    8-block  0
        1:    8-block  1
        1:    8-block  2
        1:    8-block  3
        1:    8-block  4
        5:    8-block  5
    $$$$$:    8-block  6
    $$$$$:    8-block  7
    $$$$$:    8-block  8
    $$$$$:    8-block  9
       1*:    9:    EXPECT_NEAR(densidadPoblacion(t), 1.0, 0.01);
        1:    9-block  0
        1:    9-block  1
        1:    9-block  2
    %%%%%:    9-block  3
    %%%%%:    9-block  4
    %%%%%:    9-block  5
    %%%%%:    9-block  6
    %%%%%:    9-block  7
        1:    9-block  8
    $$$$$:    9-block  9
    $$$$$:    9-block 10
    $$$$$:    9-block 11
    $$$$$:    9-block 12
    $$$$$:    9-block 13
        1:   10:}
------------------
_ZN42densidadPoblacionTEST_toroideDiagonal_TestC1Ev:
        1:    6:TEST(densidadPoblacionTEST, toroideDiagonal){
        1:    6-block  0
------------------
        -:   11:
        2:   12:TEST(densidadPoblacionTEST, toroideMuerto){
        2:   13:    vector<bool> a = { false, false, false, false };
        8:   14:    toroide t = { a, a, a, a, a };
       1*:   15:    EXPECT_NEAR(densidadPoblacion(t), 0.0, 0.01);
        1:   16:}
------------------
_ZN40densidadPoblacionTEST_toroideMuerto_Test8TestBodyEv:
        1:   12:TEST(densidadPoblacionTEST, toroideMuerto){
        2:   13:    vector<bool> a = { false, false, false, false };
        1:   13-block  0
    $$$$$:   13-block  1
    $$$$$:   13-block  2
    $$$$$:   13-block  3
        8:   14:    toroide t = { a, a, a, a, a };
        1:   14-block  0
        1:   14-block  1
        1:   14-block  2
        1:   14-block  3
        1:   14-block  4
        5:   14-block  5
    $$$$$:   14-block  6
    $$$$$:   14-block  7
    $$$$$:   14-block  8
    $$$$$:   14-block  9
       1*:   15:    EXPECT_NEAR(densidadPoblacion(t), 0.0, 0.01);
        1:   15-block  0
        1:   15-block  1
        1:   15-block  2
    %%%%%:   15-block  3
    %%%%%:   15-block  4
    %%%%%:   15-block  5
    %%%%%:   15-block  6
    %%%%%:   15-block  7
        1:   15-block  8
    $$$$$:   15-block  9
    $$$$$:   15-block 10
    $$$$$:   15-block 11
    $$$$$:   15-block 12
    $$$$$:   15-block 13
        1:   16:}
------------------
_ZN40densidadPoblacionTEST_toroideMuerto_TestC1Ev:
        1:   12:TEST(densidadPoblacionTEST, toroideMuerto){
        1:   12-block  0
------------------
        -:   17:
        2:   18:TEST(densidadPoblacionTEST, toroideMitad){
        2:   19:    vector<bool> a = { true, false, true, false };
        8:   20:    toroide t = { a, a, a, a, a };
       1*:   21:    EXPECT_NEAR(densidadPoblacion(t), 0.5, 0.01);
        1:   22:}
------------------
_ZN39densidadPoblacionTEST_toroideMitad_Test8TestBodyEv:
        1:   18:TEST(densidadPoblacionTEST, toroideMitad){
        2:   19:    vector<bool> a = { true, false, true, false };
        1:   19-block  0
    $$$$$:   19-block  1
    $$$$$:   19-block  2
    $$$$$:   19-block  3
        8:   20:    toroide t = { a, a, a, a, a };
        1:   20-block  0
        1:   20-block  1
        1:   20-block  2
        1:   20-block  3
        1:   20-block  4
        5:   20-block  5
    $$$$$:   20-block  6
    $$$$$:   20-block  7
    $$$$$:   20-block  8
    $$$$$:   20-block  9
       1*:   21:    EXPECT_NEAR(densidadPoblacion(t), 0.5, 0.01);
        1:   21-block  0
        1:   21-block  1
        1:   21-block  2
    %%%%%:   21-block  3
    %%%%%:   21-block  4
    %%%%%:   21-block  5
    %%%%%:   21-block  6
    %%%%%:   21-block  7
        1:   21-block  8
    $$$$$:   21-block  9
    $$$$$:   21-block 10
    $$$$$:   21-block 11
    $$$$$:   21-block 12
    $$$$$:   21-block 13
        1:   22:}
------------------
_ZN39densidadPoblacionTEST_toroideMitad_TestC1Ev:
        1:   18:TEST(densidadPoblacionTEST, toroideMitad){
        1:   18-block  0
------------------
        -:   23:
