        -:    0:Source:C:/Users/Usuario/CLionProjects/TPI---Algoritos-I/tests/EJ08_primosLejanosTEST.cpp
        -:    0:Graph:C:\Users\Usuario\CLionProjects\TPI---Algoritos-I\cmake-build-debug\CMakeFiles\juegoDeLaVida.dir\tests\EJ08_primosLejanosTEST.gcno
        -:    0:Data:C:\Users\Usuario\CLionProjects\TPI---Algoritos-I\cmake-build-debug\CMakeFiles\juegoDeLaVida.dir\tests\EJ08_primosLejanosTEST.gcda
        -:    0:Runs:1
        -:    1:#include "../ejercicios.h"
        -:    2:#include "gtest/gtest.h"
        -:    3:#include <algorithm>
        -:    4:
        -:    5:using namespace std;
        -:    6:
        2:    7:TEST(primosLejanosTEST, toroideHorizontalPeriodico2){
        -:    8:    toroide t1 = {
        -:    9:                  {false, false, false, false, false},
        -:   10:                  {false, false, false, false, false},
        -:   11:                  {false, true, true, true, false},
        -:   12:                  {false, false, false, false, false},
        9:   13:                  {false, false,false, false, false} };
        -:   14:    toroide t2 = {
        -:   15:                  {false, false, false, false, false},
        -:   16:                  {false, false, true, false, false},
        -:   17:                  {false, false, true, false, false},
        -:   18:                  {false, false, true, false, false},
        9:   19:                  {false, false,false, false, false} };
        1:   20:    bool res = primosLejanos(t1, t2);
       1*:   21:    EXPECT_TRUE(res);
        1:   22:    res = primosLejanos(t2, t1);
       1*:   23:    EXPECT_TRUE(res);
        1:   24:}
------------------
_ZN50primosLejanosTEST_toroideHorizontalPeriodico2_Test8TestBodyEv:
        1:    7:TEST(primosLejanosTEST, toroideHorizontalPeriodico2){
        -:    8:    toroide t1 = {
        -:    9:                  {false, false, false, false, false},
        -:   10:                  {false, false, false, false, false},
        -:   11:                  {false, true, true, true, false},
        -:   12:                  {false, false, false, false, false},
        9:   13:                  {false, false,false, false, false} };
        1:   13-block  0
        1:   13-block  1
        1:   13-block  2
        1:   13-block  3
        1:   13-block  4
        1:   13-block  5
        5:   13-block  6
        1:   13-block  7
    $$$$$:   13-block  8
    $$$$$:   13-block  9
    $$$$$:   13-block 10
    $$$$$:   13-block 11
    $$$$$:   13-block 12
    $$$$$:   13-block 13
    $$$$$:   13-block 14
    $$$$$:   13-block 15
    $$$$$:   13-block 16
    $$$$$:   13-block 17
    $$$$$:   13-block 18
    $$$$$:   13-block 19
    $$$$$:   13-block 20
    $$$$$:   13-block 21
        -:   14:    toroide t2 = {
        -:   15:                  {false, false, false, false, false},
        -:   16:                  {false, false, true, false, false},
        -:   17:                  {false, false, true, false, false},
        -:   18:                  {false, false, true, false, false},
        9:   19:                  {false, false,false, false, false} };
        1:   19-block  0
        1:   19-block  1
        1:   19-block  2
        1:   19-block  3
        1:   19-block  4
        5:   19-block  5
        1:   19-block  6
    $$$$$:   19-block  7
    $$$$$:   19-block  8
    $$$$$:   19-block  9
    $$$$$:   19-block 10
    $$$$$:   19-block 11
    $$$$$:   19-block 12
    $$$$$:   19-block 13
    $$$$$:   19-block 14
    $$$$$:   19-block 15
    $$$$$:   19-block 16
    $$$$$:   19-block 17
    $$$$$:   19-block 18
    $$$$$:   19-block 19
    $$$$$:   19-block 20
        1:   20:    bool res = primosLejanos(t1, t2);
       1*:   21:    EXPECT_TRUE(res);
        1:   21-block  0
        1:   21-block  1
    %%%%%:   21-block  2
    %%%%%:   21-block  3
    %%%%%:   21-block  4
    %%%%%:   21-block  5
    %%%%%:   21-block  6
        1:   21-block  7
    $$$$$:   21-block  8
    $$$$$:   21-block  9
    $$$$$:   21-block 10
    $$$$$:   21-block 11
    $$$$$:   21-block 12
    $$$$$:   21-block 13
    $$$$$:   21-block 14
        1:   22:    res = primosLejanos(t2, t1);
       1*:   23:    EXPECT_TRUE(res);
        1:   23-block  0
        1:   23-block  1
    %%%%%:   23-block  2
    %%%%%:   23-block  3
    %%%%%:   23-block  4
    %%%%%:   23-block  5
    %%%%%:   23-block  6
        1:   23-block  7
    $$$$$:   23-block  8
    $$$$$:   23-block  9
    $$$$$:   23-block 10
    $$$$$:   23-block 11
    $$$$$:   23-block 12
    $$$$$:   23-block 13
    $$$$$:   23-block 14
        1:   24:}
------------------
_ZN50primosLejanosTEST_toroideHorizontalPeriodico2_TestC1Ev:
        1:    7:TEST(primosLejanosTEST, toroideHorizontalPeriodico2){
        1:    7-block  0
------------------
        -:   25:
        -:   26:
        2:   27:TEST(primosLejanosTEST, random){
        -:   28:    toroide t1 = {
        -:   29:            {false, false, true, false, false},
        -:   30:            {true, false, false, false, false},
        -:   31:            {false, false, false, false, false},
        -:   32:            {false, false, false, false, false},
        9:   33:            {false, true,false, false, false} };
        -:   34:    toroide t2 = {
        -:   35:            {false, false, false, false, false},
        -:   36:            {false, false, false, true, false},
        -:   37:            {false, false, true, false, true},
        -:   38:            {false, false, true, true, true},
        9:   39:            {false, false,false, false, false} };
        1:   40:    bool res = primosLejanos(t1, t2);
       1*:   41:    EXPECT_FALSE(res);
        1:   42:    res = primosLejanos(t2, t1);
       1*:   43:    EXPECT_FALSE(res);
        1:   44:}
------------------
_ZN29primosLejanosTEST_random_Test8TestBodyEv:
        1:   27:TEST(primosLejanosTEST, random){
        -:   28:    toroide t1 = {
        -:   29:            {false, false, true, false, false},
        -:   30:            {true, false, false, false, false},
        -:   31:            {false, false, false, false, false},
        -:   32:            {false, false, false, false, false},
        9:   33:            {false, true,false, false, false} };
        1:   33-block  0
        1:   33-block  1
        1:   33-block  2
        1:   33-block  3
        1:   33-block  4
        1:   33-block  5
        5:   33-block  6
        1:   33-block  7
    $$$$$:   33-block  8
    $$$$$:   33-block  9
    $$$$$:   33-block 10
    $$$$$:   33-block 11
    $$$$$:   33-block 12
    $$$$$:   33-block 13
    $$$$$:   33-block 14
    $$$$$:   33-block 15
    $$$$$:   33-block 16
    $$$$$:   33-block 17
    $$$$$:   33-block 18
    $$$$$:   33-block 19
    $$$$$:   33-block 20
    $$$$$:   33-block 21
        -:   34:    toroide t2 = {
        -:   35:            {false, false, false, false, false},
        -:   36:            {false, false, false, true, false},
        -:   37:            {false, false, true, false, true},
        -:   38:            {false, false, true, true, true},
        9:   39:            {false, false,false, false, false} };
        1:   39-block  0
        1:   39-block  1
        1:   39-block  2
        1:   39-block  3
        1:   39-block  4
        5:   39-block  5
        1:   39-block  6
    $$$$$:   39-block  7
    $$$$$:   39-block  8
    $$$$$:   39-block  9
    $$$$$:   39-block 10
    $$$$$:   39-block 11
    $$$$$:   39-block 12
    $$$$$:   39-block 13
    $$$$$:   39-block 14
    $$$$$:   39-block 15
    $$$$$:   39-block 16
    $$$$$:   39-block 17
    $$$$$:   39-block 18
    $$$$$:   39-block 19
    $$$$$:   39-block 20
        1:   40:    bool res = primosLejanos(t1, t2);
       1*:   41:    EXPECT_FALSE(res);
        1:   41-block  0
        1:   41-block  1
    %%%%%:   41-block  2
    %%%%%:   41-block  3
    %%%%%:   41-block  4
    %%%%%:   41-block  5
    %%%%%:   41-block  6
        1:   41-block  7
    $$$$$:   41-block  8
    $$$$$:   41-block  9
    $$$$$:   41-block 10
    $$$$$:   41-block 11
    $$$$$:   41-block 12
    $$$$$:   41-block 13
    $$$$$:   41-block 14
    $$$$$:   41-block 15
        1:   42:    res = primosLejanos(t2, t1);
       1*:   43:    EXPECT_FALSE(res);
        1:   43-block  0
        1:   43-block  1
    %%%%%:   43-block  2
    %%%%%:   43-block  3
    %%%%%:   43-block  4
    %%%%%:   43-block  5
    %%%%%:   43-block  6
        1:   43-block  7
    $$$$$:   43-block  8
    $$$$$:   43-block  9
    $$$$$:   43-block 10
    $$$$$:   43-block 11
    $$$$$:   43-block 12
    $$$$$:   43-block 13
    $$$$$:   43-block 14
    $$$$$:   43-block 15
        1:   44:}
------------------
_ZN29primosLejanosTEST_random_TestC1Ev:
        1:   27:TEST(primosLejanosTEST, random){
        1:   27-block  0
------------------
        -:   45:
        2:   46:TEST(primosLejanosTEST, NingunoPrimoDe){
        -:   47:    toroide t1 = {
        -:   48:            {false, false, true, false, false},
        -:   49:            {true, true, true, false, false},
        -:   50:            {false, false, false, false, false},
        -:   51:            {false, false, false, false, false},
        9:   52:            {false, false,false, false, false} };
        -:   53:
        -:   54:    toroide t2 = {
        -:   55:            {false, false, false, false, false},
        -:   56:            {false, true, true, true, false},
        -:   57:            {false, false, false, false, false},
        -:   58:            {false, false, true, true, true},
        9:   59:            {false, false,false, false, false}};
        1:   60:    bool res = primosLejanos(t1, t2);
       1*:   61:    EXPECT_FALSE(res);
        1:   62:    res = primosLejanos(t2, t1);
       1*:   63:    EXPECT_FALSE(res);
        1:   64:}
------------------
_ZN37primosLejanosTEST_NingunoPrimoDe_Test8TestBodyEv:
        1:   46:TEST(primosLejanosTEST, NingunoPrimoDe){
        -:   47:    toroide t1 = {
        -:   48:            {false, false, true, false, false},
        -:   49:            {true, true, true, false, false},
        -:   50:            {false, false, false, false, false},
        -:   51:            {false, false, false, false, false},
        9:   52:            {false, false,false, false, false} };
        1:   52-block  0
        1:   52-block  1
        1:   52-block  2
        1:   52-block  3
        1:   52-block  4
        1:   52-block  5
        5:   52-block  6
        1:   52-block  7
    $$$$$:   52-block  8
    $$$$$:   52-block  9
    $$$$$:   52-block 10
    $$$$$:   52-block 11
    $$$$$:   52-block 12
    $$$$$:   52-block 13
    $$$$$:   52-block 14
    $$$$$:   52-block 15
    $$$$$:   52-block 16
    $$$$$:   52-block 17
    $$$$$:   52-block 18
    $$$$$:   52-block 19
    $$$$$:   52-block 20
    $$$$$:   52-block 21
        -:   53:
        -:   54:    toroide t2 = {
        -:   55:            {false, false, false, false, false},
        -:   56:            {false, true, true, true, false},
        -:   57:            {false, false, false, false, false},
        -:   58:            {false, false, true, true, true},
        9:   59:            {false, false,false, false, false}};
        1:   59-block  0
        1:   59-block  1
        1:   59-block  2
        1:   59-block  3
        1:   59-block  4
        5:   59-block  5
        1:   59-block  6
    $$$$$:   59-block  7
    $$$$$:   59-block  8
    $$$$$:   59-block  9
    $$$$$:   59-block 10
    $$$$$:   59-block 11
    $$$$$:   59-block 12
    $$$$$:   59-block 13
    $$$$$:   59-block 14
    $$$$$:   59-block 15
    $$$$$:   59-block 16
    $$$$$:   59-block 17
    $$$$$:   59-block 18
    $$$$$:   59-block 19
    $$$$$:   59-block 20
        1:   60:    bool res = primosLejanos(t1, t2);
       1*:   61:    EXPECT_FALSE(res);
        1:   61-block  0
        1:   61-block  1
    %%%%%:   61-block  2
    %%%%%:   61-block  3
    %%%%%:   61-block  4
    %%%%%:   61-block  5
    %%%%%:   61-block  6
        1:   61-block  7
    $$$$$:   61-block  8
    $$$$$:   61-block  9
    $$$$$:   61-block 10
    $$$$$:   61-block 11
    $$$$$:   61-block 12
    $$$$$:   61-block 13
    $$$$$:   61-block 14
    $$$$$:   61-block 15
        1:   62:    res = primosLejanos(t2, t1);
       1*:   63:    EXPECT_FALSE(res);
        1:   63-block  0
        1:   63-block  1
    %%%%%:   63-block  2
    %%%%%:   63-block  3
    %%%%%:   63-block  4
    %%%%%:   63-block  5
    %%%%%:   63-block  6
        1:   63-block  7
    $$$$$:   63-block  8
    $$$$$:   63-block  9
    $$$$$:   63-block 10
    $$$$$:   63-block 11
    $$$$$:   63-block 12
    $$$$$:   63-block 13
    $$$$$:   63-block 14
    $$$$$:   63-block 15
        1:   64:}
------------------
_ZN37primosLejanosTEST_NingunoPrimoDe_TestC1Ev:
        1:   46:TEST(primosLejanosTEST, NingunoPrimoDe){
        1:   46-block  0
------------------
        -:   65:
        2:   66:TEST(primosLejanosTEST, glider){
        -:   67:    toroide t1 = {
        -:   68:            {false, true, false, false, false,false,false,false,false,false,false,false,false,false,false},
        -:   69:            {false, false, true, false, false,false,false,false,false,false,false,false,false,false,false},
        -:   70:            {true, true, true, false, false,false,false,false,false,false,false,false,false,false,false},
        -:   71:            {false, false, false, false, false,false,false,false,false,false,false,false,false,false,false},
        -:   72:            {false, false, false, false, false,false,false,false,false,false,false,false,false,false,false},
        -:   73:            {false, false, false, false, false,false,false,false,false,false,false,false,false,false,false},
        -:   74:            {false, false, false, false, false,false,false,false,false,false,false,false,false,false,false},
        -:   75:            {false, false, false, false, false,false,false,false,false,false,false,false,false,false,false},
        -:   76:            {false, false, false, false, false,false,false,false,false,false,false,false,false,false,false},
        -:   77:            {false, false, false, false, false,false,false,false,false,false,false,false,false,false,false},
        -:   78:            {false, false, false, false, false,false,false,false,false,false,false,false,false,false,false},
        -:   79:            {false, false, false, false, false,false,false,false,false,false,false,false,false,false,false},
        -:   80:            {false, false, false, false, false,false,false,false,false,false,false,false,false,false,false},
        -:   81:            {false, false, false, false, false,false,false,false,false,false,false,false,false,false,false},
        -:   82:            {false, false, false, false, false,false,false,false,false,false,false,false,false,false,false},
        -:   83:            {false, false, false, false, false,false,false,false,false,false,false,false,false,false,false},
        -:   84:            {false, false, false, false, false,false,false,false,false,false,false,false,false,false,false},
        -:   85:            {false, false, false, false, false,false,false,false,false,false,false,false,false,false,false},
        -:   86:            {false, false, false, false, false,false,false,false,false,false,false,false,false,false,false},
        -:   87:            {false, false, false, false, false,false,false,false,false,false,false,false,false,false,false}
       24:   88:            };
        -:   89:
        -:   90:    toroide t2 = {
        -:   91:            {false, false, false, false, false,false,false,false,false,false,false,false,false,false,false},
        -:   92:            {false, false, false, false, false,false,false,false,false,false,false,false,false,false,false},
        -:   93:            {false, false, false, false, false,false,false,false,false,false,false,false,false,false,false},
        -:   94:            {false, false, false, false, false,false,false,false,false,false,false,false,false,false,false},
        -:   95:            {false, false, false, false, false,false,false,false,false,false,false,false,false,false,false},
        -:   96:            {false, false, false, false, false,false,false,false,false,false,false,false,false,false,false},
        -:   97:            {false, false, false, false, false,false,false,false,false,false,false,false,false,false,false},
        -:   98:            {false, false, false, false, false,false,false,false,false,false,false,false,false,false,false},
        -:   99:            {false, false, false, false, false,false,false,false,false,false,false,false,false,false,false},
        -:  100:            {false, false, false, false, false,false,false,false,false,false,false,false,false,false,false},
        -:  101:            {false, false, false, false, false,false,false,false,false,false,false,false,false,false,false},
        -:  102:            {false, false, false, false, false,false,false,false,false,false,false,false,false,false,false},
        -:  103:            {false, false, false, false, false,false,false,false,false,false,false,false,false,false,false},
        -:  104:            {false, false, false, false, false,false,false,false,false,false,false,false,false,false,false},
        -:  105:            {false, false, false, false, false,false,false,false,false,false,false,false,false,false,false},
        -:  106:            {false, false, false, false, false,false,true,false,false,false,false,false,false,false,false},
        -:  107:            {false, false, false, false, false,false,false,true,false,false,false,false,false,false,false},
        -:  108:            {false, false, false, false, false,true,true,true,false,false,false,false,false,false,false},
        -:  109:            {false, false, false, false, false,false,false,false,false,false,false,false,false,false,false},
        -:  110:            {false, false, false, false, false,false,false,false,false,false,false,false,false,false,false}
       24:  111:    };
        1:  112:    bool res = primosLejanos(t1, t2);
        1:  113:    EXPECT_TRUE(res);
        1:  114:    res = primosLejanos(t2, t1);
        1:  115:    EXPECT_TRUE(res);
        1:  116:}
------------------
_ZN29primosLejanosTEST_glider_Test8TestBodyEv:
        1:   66:TEST(primosLejanosTEST, glider){
        -:   67:    toroide t1 = {
        -:   68:            {false, true, false, false, false,false,false,false,false,false,false,false,false,false,false},
        -:   69:            {false, false, true, false, false,false,false,false,false,false,false,false,false,false,false},
        -:   70:            {true, true, true, false, false,false,false,false,false,false,false,false,false,false,false},
        -:   71:            {false, false, false, false, false,false,false,false,false,false,false,false,false,false,false},
        -:   72:            {false, false, false, false, false,false,false,false,false,false,false,false,false,false,false},
        -:   73:            {false, false, false, false, false,false,false,false,false,false,false,false,false,false,false},
        -:   74:            {false, false, false, false, false,false,false,false,false,false,false,false,false,false,false},
        -:   75:            {false, false, false, false, false,false,false,false,false,false,false,false,false,false,false},
        -:   76:            {false, false, false, false, false,false,false,false,false,false,false,false,false,false,false},
        -:   77:            {false, false, false, false, false,false,false,false,false,false,false,false,false,false,false},
        -:   78:            {false, false, false, false, false,false,false,false,false,false,false,false,false,false,false},
        -:   79:            {false, false, false, false, false,false,false,false,false,false,false,false,false,false,false},
        -:   80:            {false, false, false, false, false,false,false,false,false,false,false,false,false,false,false},
        -:   81:            {false, false, false, false, false,false,false,false,false,false,false,false,false,false,false},
        -:   82:            {false, false, false, false, false,false,false,false,false,false,false,false,false,false,false},
        -:   83:            {false, false, false, false, false,false,false,false,false,false,false,false,false,false,false},
        -:   84:            {false, false, false, false, false,false,false,false,false,false,false,false,false,false,false},
        -:   85:            {false, false, false, false, false,false,false,false,false,false,false,false,false,false,false},
        -:   86:            {false, false, false, false, false,false,false,false,false,false,false,false,false,false,false},
        -:   87:            {false, false, false, false, false,false,false,false,false,false,false,false,false,false,false}
       24:   88:            };
        1:   88-block  0
        1:   88-block  1
        1:   88-block  2
        1:   88-block  3
        1:   88-block  4
        1:   88-block  5
        1:   88-block  6
        1:   88-block  7
        1:   88-block  8
        1:   88-block  9
        1:   88-block 10
        1:   88-block 11
        1:   88-block 12
        1:   88-block 13
        1:   88-block 14
        1:   88-block 15
        1:   88-block 16
        1:   88-block 17
        1:   88-block 18
        1:   88-block 19
        1:   88-block 20
       20:   88-block 21
        1:   88-block 22
    $$$$$:   88-block 23
    $$$$$:   88-block 24
    $$$$$:   88-block 25
    $$$$$:   88-block 26
    $$$$$:   88-block 27
    $$$$$:   88-block 28
    $$$$$:   88-block 29
    $$$$$:   88-block 30
    $$$$$:   88-block 31
    $$$$$:   88-block 32
    $$$$$:   88-block 33
    $$$$$:   88-block 34
    $$$$$:   88-block 35
    $$$$$:   88-block 36
    $$$$$:   88-block 37
    $$$$$:   88-block 38
    $$$$$:   88-block 39
    $$$$$:   88-block 40
    $$$$$:   88-block 41
    $$$$$:   88-block 42
    $$$$$:   88-block 43
    $$$$$:   88-block 44
    $$$$$:   88-block 45
    $$$$$:   88-block 46
    $$$$$:   88-block 47
    $$$$$:   88-block 48
    $$$$$:   88-block 49
    $$$$$:   88-block 50
    $$$$$:   88-block 51
    $$$$$:   88-block 52
    $$$$$:   88-block 53
    $$$$$:   88-block 54
    $$$$$:   88-block 55
    $$$$$:   88-block 56
    $$$$$:   88-block 57
    $$$$$:   88-block 58
    $$$$$:   88-block 59
    $$$$$:   88-block 60
    $$$$$:   88-block 61
    $$$$$:   88-block 62
    $$$$$:   88-block 63
    $$$$$:   88-block 64
    $$$$$:   88-block 65
    $$$$$:   88-block 66
        -:   89:
        -:   90:    toroide t2 = {
        -:   91:            {false, false, false, false, false,false,false,false,false,false,false,false,false,false,false},
        -:   92:            {false, false, false, false, false,false,false,false,false,false,false,false,false,false,false},
        -:   93:            {false, false, false, false, false,false,false,false,false,false,false,false,false,false,false},
        -:   94:            {false, false, false, false, false,false,false,false,false,false,false,false,false,false,false},
        -:   95:            {false, false, false, false, false,false,false,false,false,false,false,false,false,false,false},
        -:   96:            {false, false, false, false, false,false,false,false,false,false,false,false,false,false,false},
        -:   97:            {false, false, false, false, false,false,false,false,false,false,false,false,false,false,false},
        -:   98:            {false, false, false, false, false,false,false,false,false,false,false,false,false,false,false},
        -:   99:            {false, false, false, false, false,false,false,false,false,false,false,false,false,false,false},
        -:  100:            {false, false, false, false, false,false,false,false,false,false,false,false,false,false,false},
        -:  101:            {false, false, false, false, false,false,false,false,false,false,false,false,false,false,false},
        -:  102:            {false, false, false, false, false,false,false,false,false,false,false,false,false,false,false},
        -:  103:            {false, false, false, false, false,false,false,false,false,false,false,false,false,false,false},
        -:  104:            {false, false, false, false, false,false,false,false,false,false,false,false,false,false,false},
        -:  105:            {false, false, false, false, false,false,false,false,false,false,false,false,false,false,false},
        -:  106:            {false, false, false, false, false,false,true,false,false,false,false,false,false,false,false},
        -:  107:            {false, false, false, false, false,false,false,true,false,false,false,false,false,false,false},
        -:  108:            {false, false, false, false, false,true,true,true,false,false,false,false,false,false,false},
        -:  109:            {false, false, false, false, false,false,false,false,false,false,false,false,false,false,false},
        -:  110:            {false, false, false, false, false,false,false,false,false,false,false,false,false,false,false}
       24:  111:    };
        1:  111-block  0
        1:  111-block  1
        1:  111-block  2
        1:  111-block  3
        1:  111-block  4
        1:  111-block  5
        1:  111-block  6
        1:  111-block  7
        1:  111-block  8
        1:  111-block  9
        1:  111-block 10
        1:  111-block 11
        1:  111-block 12
        1:  111-block 13
        1:  111-block 14
        1:  111-block 15
        1:  111-block 16
        1:  111-block 17
        1:  111-block 18
        1:  111-block 19
       20:  111-block 20
        1:  111-block 21
    $$$$$:  111-block 22
    $$$$$:  111-block 23
    $$$$$:  111-block 24
    $$$$$:  111-block 25
    $$$$$:  111-block 26
    $$$$$:  111-block 27
    $$$$$:  111-block 28
    $$$$$:  111-block 29
    $$$$$:  111-block 30
    $$$$$:  111-block 31
    $$$$$:  111-block 32
    $$$$$:  111-block 33
    $$$$$:  111-block 34
    $$$$$:  111-block 35
    $$$$$:  111-block 36
    $$$$$:  111-block 37
    $$$$$:  111-block 38
    $$$$$:  111-block 39
    $$$$$:  111-block 40
    $$$$$:  111-block 41
    $$$$$:  111-block 42
    $$$$$:  111-block 43
    $$$$$:  111-block 44
    $$$$$:  111-block 45
    $$$$$:  111-block 46
    $$$$$:  111-block 47
    $$$$$:  111-block 48
    $$$$$:  111-block 49
    $$$$$:  111-block 50
    $$$$$:  111-block 51
    $$$$$:  111-block 52
    $$$$$:  111-block 53
    $$$$$:  111-block 54
    $$$$$:  111-block 55
    $$$$$:  111-block 56
    $$$$$:  111-block 57
    $$$$$:  111-block 58
    $$$$$:  111-block 59
    $$$$$:  111-block 60
    $$$$$:  111-block 61
    $$$$$:  111-block 62
    $$$$$:  111-block 63
    $$$$$:  111-block 64
    $$$$$:  111-block 65
        1:  112:    bool res = primosLejanos(t1, t2);
        1:  113:    EXPECT_TRUE(res);
        1:  113-block  0
        1:  113-block  1
        1:  113-block  2
        1:  113-block  3
        1:  113-block  4
        1:  113-block  5
        1:  113-block  6
        1:  113-block  7
    $$$$$:  113-block  8
    $$$$$:  113-block  9
    $$$$$:  113-block 10
    $$$$$:  113-block 11
    $$$$$:  113-block 12
    $$$$$:  113-block 13
    $$$$$:  113-block 14
        1:  114:    res = primosLejanos(t2, t1);
        1:  115:    EXPECT_TRUE(res);
        1:  115-block  0
        1:  115-block  1
        1:  115-block  2
        1:  115-block  3
        1:  115-block  4
        1:  115-block  5
        1:  115-block  6
        1:  115-block  7
    $$$$$:  115-block  8
    $$$$$:  115-block  9
    $$$$$:  115-block 10
    $$$$$:  115-block 11
    $$$$$:  115-block 12
    $$$$$:  115-block 13
    $$$$$:  115-block 14
        1:  116:}
------------------
_ZN29primosLejanosTEST_glider_TestC1Ev:
        1:   66:TEST(primosLejanosTEST, glider){
        1:   66-block  0
------------------
