        -:    0:Source:C:/Users/Usuario/CLionProjects/TPI---Algoritos-I/tests/EJ10_fusionarTEST.cpp
        -:    0:Graph:C:\Users\Usuario\CLionProjects\TPI---Algoritos-I\cmake-build-debug\CMakeFiles\juegoDeLaVida.dir\tests\EJ10_fusionarTEST.gcno
        -:    0:Data:C:\Users\Usuario\CLionProjects\TPI---Algoritos-I\cmake-build-debug\CMakeFiles\juegoDeLaVida.dir\tests\EJ10_fusionarTEST.gcda
        -:    0:Runs:1
        -:    1:#include "../ejercicios.h"
        -:    2:#include "gtest/gtest.h"
        -:    3:#include <algorithm>
        -:    4:
        -:    5:using namespace std;
        -:    6:
        2:    7:TEST(fusionarTEST, sinInterseccion){
        -:    8:    toroide t1 = { 
        -:    9:                  {true, false, false},
        -:   10:                  {false, true, false},
        7:   11:                  {false, false, true}}; 
        -:   12:    toroide t2 = { 
        -:   13:                  {false, true, true},
        -:   14:                  {true, false, true},
        7:   15:                  {true, true, false}};
        -:   16:
        -:   17:    toroide tout = {
        -:   18:            {false, false, false},
        -:   19:            {false, false, false},
        7:   20:            {false, false, false}};
        -:   21:
        2:   22:    toroide res = fusionar(t1, t2);
       1*:   23:    EXPECT_EQ(res, tout);
        1:   24:}
------------------
_ZN33fusionarTEST_sinInterseccion_Test8TestBodyEv:
        1:    7:TEST(fusionarTEST, sinInterseccion){
        -:    8:    toroide t1 = { 
        -:    9:                  {true, false, false},
        -:   10:                  {false, true, false},
        7:   11:                  {false, false, true}}; 
        1:   11-block  0
        1:   11-block  1
        1:   11-block  2
        1:   11-block  3
        3:   11-block  4
        1:   11-block  5
    $$$$$:   11-block  6
    $$$$$:   11-block  7
    $$$$$:   11-block  8
    $$$$$:   11-block  9
    $$$$$:   11-block 10
    $$$$$:   11-block 11
    $$$$$:   11-block 12
    $$$$$:   11-block 13
    $$$$$:   11-block 14
    $$$$$:   11-block 15
        -:   12:    toroide t2 = { 
        -:   13:                  {false, true, true},
        -:   14:                  {true, false, true},
        7:   15:                  {true, true, false}};
        1:   15-block  0
        1:   15-block  1
        1:   15-block  2
        3:   15-block  3
        1:   15-block  4
    $$$$$:   15-block  5
    $$$$$:   15-block  6
    $$$$$:   15-block  7
    $$$$$:   15-block  8
    $$$$$:   15-block  9
    $$$$$:   15-block 10
    $$$$$:   15-block 11
    $$$$$:   15-block 12
    $$$$$:   15-block 13
    $$$$$:   15-block 14
        -:   16:
        -:   17:    toroide tout = {
        -:   18:            {false, false, false},
        -:   19:            {false, false, false},
        7:   20:            {false, false, false}};
        1:   20-block  0
        1:   20-block  1
        1:   20-block  2
        3:   20-block  3
        1:   20-block  4
    $$$$$:   20-block  5
    $$$$$:   20-block  6
    $$$$$:   20-block  7
    $$$$$:   20-block  8
    $$$$$:   20-block  9
    $$$$$:   20-block 10
    $$$$$:   20-block 11
    $$$$$:   20-block 12
    $$$$$:   20-block 13
    $$$$$:   20-block 14
        -:   21:
        2:   22:    toroide res = fusionar(t1, t2);
    $$$$$:   22-block  0
       1*:   23:    EXPECT_EQ(res, tout);
        1:   23-block  0
        1:   23-block  1
    %%%%%:   23-block  2
    %%%%%:   23-block  3
    %%%%%:   23-block  4
    %%%%%:   23-block  5
    %%%%%:   23-block  6
        1:   23-block  7
    $$$$$:   23-block  8
    $$$$$:   23-block  9
    $$$$$:   23-block 10
    $$$$$:   23-block 11
    $$$$$:   23-block 12
        1:   24:}
------------------
_ZN33fusionarTEST_sinInterseccion_TestC1Ev:
        1:    7:TEST(fusionarTEST, sinInterseccion){
        1:    7-block  0
------------------
        -:   25:
        2:   26:TEST(fusionarTEST, todosMuertos){
        -:   27:    toroide t1 = {
        -:   28:            {false, false, false},
        -:   29:            {false, false, false},
        7:   30:            {false, false, false}};
        -:   31:    toroide t2 = {
        -:   32:            {false, false, false},
        -:   33:            {false, false, false},
        7:   34:            {false, false, false}};
        -:   35:
        -:   36:    toroide tout = {
        -:   37:            {false, false, false},
        -:   38:            {false, false, false},
        7:   39:            {false, false, false}};
        -:   40:
        2:   41:    toroide res = fusionar(t1, t2);
       1*:   42:    EXPECT_EQ(res, tout);
        1:   43:}
------------------
_ZN30fusionarTEST_todosMuertos_Test8TestBodyEv:
        1:   26:TEST(fusionarTEST, todosMuertos){
        -:   27:    toroide t1 = {
        -:   28:            {false, false, false},
        -:   29:            {false, false, false},
        7:   30:            {false, false, false}};
        1:   30-block  0
        1:   30-block  1
        1:   30-block  2
        1:   30-block  3
        3:   30-block  4
        1:   30-block  5
    $$$$$:   30-block  6
    $$$$$:   30-block  7
    $$$$$:   30-block  8
    $$$$$:   30-block  9
    $$$$$:   30-block 10
    $$$$$:   30-block 11
    $$$$$:   30-block 12
    $$$$$:   30-block 13
    $$$$$:   30-block 14
    $$$$$:   30-block 15
        -:   31:    toroide t2 = {
        -:   32:            {false, false, false},
        -:   33:            {false, false, false},
        7:   34:            {false, false, false}};
        1:   34-block  0
        1:   34-block  1
        1:   34-block  2
        3:   34-block  3
        1:   34-block  4
    $$$$$:   34-block  5
    $$$$$:   34-block  6
    $$$$$:   34-block  7
    $$$$$:   34-block  8
    $$$$$:   34-block  9
    $$$$$:   34-block 10
    $$$$$:   34-block 11
    $$$$$:   34-block 12
    $$$$$:   34-block 13
    $$$$$:   34-block 14
        -:   35:
        -:   36:    toroide tout = {
        -:   37:            {false, false, false},
        -:   38:            {false, false, false},
        7:   39:            {false, false, false}};
        1:   39-block  0
        1:   39-block  1
        1:   39-block  2
        3:   39-block  3
        1:   39-block  4
    $$$$$:   39-block  5
    $$$$$:   39-block  6
    $$$$$:   39-block  7
    $$$$$:   39-block  8
    $$$$$:   39-block  9
    $$$$$:   39-block 10
    $$$$$:   39-block 11
    $$$$$:   39-block 12
    $$$$$:   39-block 13
    $$$$$:   39-block 14
        -:   40:
        2:   41:    toroide res = fusionar(t1, t2);
    $$$$$:   41-block  0
       1*:   42:    EXPECT_EQ(res, tout);
        1:   42-block  0
        1:   42-block  1
    %%%%%:   42-block  2
    %%%%%:   42-block  3
    %%%%%:   42-block  4
    %%%%%:   42-block  5
    %%%%%:   42-block  6
        1:   42-block  7
    $$$$$:   42-block  8
    $$$$$:   42-block  9
    $$$$$:   42-block 10
    $$$$$:   42-block 11
    $$$$$:   42-block 12
        1:   43:}
------------------
_ZN30fusionarTEST_todosMuertos_TestC1Ev:
        1:   26:TEST(fusionarTEST, todosMuertos){
        1:   26-block  0
------------------
        -:   44:
        2:   45:TEST(fusionarTEST, todosVivos){
        -:   46:    toroide t1 = {
        -:   47:            {true, true, true},
        -:   48:            {true, true, true},
        7:   49:            {true, true, true}};
        -:   50:    toroide t2 = {
        -:   51:            {true, true, true},
        -:   52:            {true, true, true},
        7:   53:            {true, true, true}};
        -:   54:
        -:   55:    toroide tout = {
        -:   56:            {true, true, true},
        -:   57:            {true, true, true},
        7:   58:            {true, true, true}};
        -:   59:
        2:   60:    toroide res = fusionar(t1, t2);
       1*:   61:    EXPECT_EQ(res, tout);
        1:   62:}
------------------
_ZN28fusionarTEST_todosVivos_Test8TestBodyEv:
        1:   45:TEST(fusionarTEST, todosVivos){
        -:   46:    toroide t1 = {
        -:   47:            {true, true, true},
        -:   48:            {true, true, true},
        7:   49:            {true, true, true}};
        1:   49-block  0
        1:   49-block  1
        1:   49-block  2
        1:   49-block  3
        3:   49-block  4
        1:   49-block  5
    $$$$$:   49-block  6
    $$$$$:   49-block  7
    $$$$$:   49-block  8
    $$$$$:   49-block  9
    $$$$$:   49-block 10
    $$$$$:   49-block 11
    $$$$$:   49-block 12
    $$$$$:   49-block 13
    $$$$$:   49-block 14
    $$$$$:   49-block 15
        -:   50:    toroide t2 = {
        -:   51:            {true, true, true},
        -:   52:            {true, true, true},
        7:   53:            {true, true, true}};
        1:   53-block  0
        1:   53-block  1
        1:   53-block  2
        3:   53-block  3
        1:   53-block  4
    $$$$$:   53-block  5
    $$$$$:   53-block  6
    $$$$$:   53-block  7
    $$$$$:   53-block  8
    $$$$$:   53-block  9
    $$$$$:   53-block 10
    $$$$$:   53-block 11
    $$$$$:   53-block 12
    $$$$$:   53-block 13
    $$$$$:   53-block 14
        -:   54:
        -:   55:    toroide tout = {
        -:   56:            {true, true, true},
        -:   57:            {true, true, true},
        7:   58:            {true, true, true}};
        1:   58-block  0
        1:   58-block  1
        1:   58-block  2
        3:   58-block  3
        1:   58-block  4
    $$$$$:   58-block  5
    $$$$$:   58-block  6
    $$$$$:   58-block  7
    $$$$$:   58-block  8
    $$$$$:   58-block  9
    $$$$$:   58-block 10
    $$$$$:   58-block 11
    $$$$$:   58-block 12
    $$$$$:   58-block 13
    $$$$$:   58-block 14
        -:   59:
        2:   60:    toroide res = fusionar(t1, t2);
    $$$$$:   60-block  0
       1*:   61:    EXPECT_EQ(res, tout);
        1:   61-block  0
        1:   61-block  1
    %%%%%:   61-block  2
    %%%%%:   61-block  3
    %%%%%:   61-block  4
    %%%%%:   61-block  5
    %%%%%:   61-block  6
        1:   61-block  7
    $$$$$:   61-block  8
    $$$$$:   61-block  9
    $$$$$:   61-block 10
    $$$$$:   61-block 11
    $$$$$:   61-block 12
        1:   62:}
------------------
_ZN28fusionarTEST_todosVivos_TestC1Ev:
        1:   45:TEST(fusionarTEST, todosVivos){
        1:   45-block  0
------------------
