        -:    0:Source:C:/Users/Usuario/CLionProjects/TPI---Algoritos-I/tests/EJ11_vistaTrasladadaTEST.cpp
        -:    0:Graph:C:\Users\Usuario\CLionProjects\TPI---Algoritos-I\cmake-build-debug\CMakeFiles\juegoDeLaVida.dir\tests\EJ11_vistaTrasladadaTEST.gcno
        -:    0:Data:C:\Users\Usuario\CLionProjects\TPI---Algoritos-I\cmake-build-debug\CMakeFiles\juegoDeLaVida.dir\tests\EJ11_vistaTrasladadaTEST.gcda
        -:    0:Runs:1
        -:    1:#include "../ejercicios.h"
        -:    2:#include "gtest/gtest.h"
        -:    3:#include <algorithm>
        -:    4:
        -:    5:using namespace std;
        -:    6:
        2:    7:TEST(vistaTrasladadaTEST, muevoTerceraFilaParaArriba){
        -:    8:    toroide t1 = { 
        -:    9:                  {true, false, false}, // 1
        -:   10:                  {false, true, false}, // 2
        7:   11:                  {false, false, true}};// 3
        -:   12:    toroide t2 = { 
        -:   13:                  {false, false, true}, // 3
        -:   14:                  {true, false, false}, // 1
        7:   15:                  {false, true, false}};// 2
        -:   16:
        1:   17:    bool res = vistaTrasladada(t1, t2);
       1*:   18:    EXPECT_TRUE(res);
        1:   19:}
------------------
_ZN51vistaTrasladadaTEST_muevoTerceraFilaParaArriba_Test8TestBodyEv:
        1:    7:TEST(vistaTrasladadaTEST, muevoTerceraFilaParaArriba){
        -:    8:    toroide t1 = { 
        -:    9:                  {true, false, false}, // 1
        -:   10:                  {false, true, false}, // 2
        7:   11:                  {false, false, true}};// 3
        1:   11-block  0
        1:   11-block  1
        1:   11-block  2
        1:   11-block  3
        3:   11-block  4
        1:   11-block  5
    $$$$$:   11-block  6
    $$$$$:   11-block  7
    $$$$$:   11-block  8
    $$$$$:   11-block  9
    $$$$$:   11-block 10
    $$$$$:   11-block 11
    $$$$$:   11-block 12
    $$$$$:   11-block 13
    $$$$$:   11-block 14
    $$$$$:   11-block 15
        -:   12:    toroide t2 = { 
        -:   13:                  {false, false, true}, // 3
        -:   14:                  {true, false, false}, // 1
        7:   15:                  {false, true, false}};// 2
        1:   15-block  0
        1:   15-block  1
        1:   15-block  2
        3:   15-block  3
        1:   15-block  4
    $$$$$:   15-block  5
    $$$$$:   15-block  6
    $$$$$:   15-block  7
    $$$$$:   15-block  8
    $$$$$:   15-block  9
    $$$$$:   15-block 10
    $$$$$:   15-block 11
    $$$$$:   15-block 12
    $$$$$:   15-block 13
    $$$$$:   15-block 14
        -:   16:
        1:   17:    bool res = vistaTrasladada(t1, t2);
       1*:   18:    EXPECT_TRUE(res);
        1:   18-block  0
        1:   18-block  1
    %%%%%:   18-block  2
    %%%%%:   18-block  3
    %%%%%:   18-block  4
    %%%%%:   18-block  5
    %%%%%:   18-block  6
        1:   18-block  7
    $$$$$:   18-block  8
    $$$$$:   18-block  9
    $$$$$:   18-block 10
    $$$$$:   18-block 11
    $$$$$:   18-block 12
    $$$$$:   18-block 13
    $$$$$:   18-block 14
        1:   19:}
------------------
_ZN51vistaTrasladadaTEST_muevoTerceraFilaParaArriba_TestC1Ev:
        1:    7:TEST(vistaTrasladadaTEST, muevoTerceraFilaParaArriba){
        1:    7-block  0
------------------
        -:   20:
        2:   21:TEST(vistaTrasladadaTEST, DiagonalVsTodoTrue){
        -:   22:    toroide t1 = { 
        -:   23:                  {true, false, false},
        -:   24:                  {false, true, false},
        7:   25:                  {false, false, true}}; 
        -:   26:    toroide t2 = { 
        -:   27:                  {true, true, true},
        -:   28:                  {true, true, true},
        7:   29:                  {true, true, true}}; 
        1:   30:    bool res = vistaTrasladada(t1, t2);
       1*:   31:    EXPECT_FALSE(res);
        1:   32:}
------------------
_ZN43vistaTrasladadaTEST_DiagonalVsTodoTrue_Test8TestBodyEv:
        1:   21:TEST(vistaTrasladadaTEST, DiagonalVsTodoTrue){
        -:   22:    toroide t1 = { 
        -:   23:                  {true, false, false},
        -:   24:                  {false, true, false},
        7:   25:                  {false, false, true}}; 
        1:   25-block  0
        1:   25-block  1
        1:   25-block  2
        1:   25-block  3
        3:   25-block  4
        1:   25-block  5
    $$$$$:   25-block  6
    $$$$$:   25-block  7
    $$$$$:   25-block  8
    $$$$$:   25-block  9
    $$$$$:   25-block 10
    $$$$$:   25-block 11
    $$$$$:   25-block 12
    $$$$$:   25-block 13
    $$$$$:   25-block 14
    $$$$$:   25-block 15
        -:   26:    toroide t2 = { 
        -:   27:                  {true, true, true},
        -:   28:                  {true, true, true},
        7:   29:                  {true, true, true}}; 
        1:   29-block  0
        1:   29-block  1
        1:   29-block  2
        3:   29-block  3
        1:   29-block  4
    $$$$$:   29-block  5
    $$$$$:   29-block  6
    $$$$$:   29-block  7
    $$$$$:   29-block  8
    $$$$$:   29-block  9
    $$$$$:   29-block 10
    $$$$$:   29-block 11
    $$$$$:   29-block 12
    $$$$$:   29-block 13
    $$$$$:   29-block 14
        1:   30:    bool res = vistaTrasladada(t1, t2);
       1*:   31:    EXPECT_FALSE(res);
        1:   31-block  0
        1:   31-block  1
    %%%%%:   31-block  2
    %%%%%:   31-block  3
    %%%%%:   31-block  4
    %%%%%:   31-block  5
    %%%%%:   31-block  6
        1:   31-block  7
    $$$$$:   31-block  8
    $$$$$:   31-block  9
    $$$$$:   31-block 10
    $$$$$:   31-block 11
    $$$$$:   31-block 12
    $$$$$:   31-block 13
    $$$$$:   31-block 14
    $$$$$:   31-block 15
        1:   32:}
------------------
_ZN43vistaTrasladadaTEST_DiagonalVsTodoTrue_TestC1Ev:
        1:   21:TEST(vistaTrasladadaTEST, DiagonalVsTodoTrue){
        1:   21-block  0
------------------
        -:   33:
        2:   34:TEST(vistaTrasladadaTEST, palito){
        -:   35:    toroide t1 = {
        -:   36:            {false, true, false},
        -:   37:            {false, false, false},
        7:   38:            {false, true, false}};
        -:   39:    toroide t2 = {
        -:   40:            {false, false, false},
        -:   41:            {true, false, false},
        7:   42:            {true, false, false}};
        1:   43:    bool res = vistaTrasladada(t1, t2);
       1*:   44:    EXPECT_TRUE(res);
        1:   45:}
------------------
_ZN31vistaTrasladadaTEST_palito_Test8TestBodyEv:
        1:   34:TEST(vistaTrasladadaTEST, palito){
        -:   35:    toroide t1 = {
        -:   36:            {false, true, false},
        -:   37:            {false, false, false},
        7:   38:            {false, true, false}};
        1:   38-block  0
        1:   38-block  1
        1:   38-block  2
        1:   38-block  3
        3:   38-block  4
        1:   38-block  5
    $$$$$:   38-block  6
    $$$$$:   38-block  7
    $$$$$:   38-block  8
    $$$$$:   38-block  9
    $$$$$:   38-block 10
    $$$$$:   38-block 11
    $$$$$:   38-block 12
    $$$$$:   38-block 13
    $$$$$:   38-block 14
    $$$$$:   38-block 15
        -:   39:    toroide t2 = {
        -:   40:            {false, false, false},
        -:   41:            {true, false, false},
        7:   42:            {true, false, false}};
        1:   42-block  0
        1:   42-block  1
        1:   42-block  2
        3:   42-block  3
        1:   42-block  4
    $$$$$:   42-block  5
    $$$$$:   42-block  6
    $$$$$:   42-block  7
    $$$$$:   42-block  8
    $$$$$:   42-block  9
    $$$$$:   42-block 10
    $$$$$:   42-block 11
    $$$$$:   42-block 12
    $$$$$:   42-block 13
    $$$$$:   42-block 14
        1:   43:    bool res = vistaTrasladada(t1, t2);
       1*:   44:    EXPECT_TRUE(res);
        1:   44-block  0
        1:   44-block  1
    %%%%%:   44-block  2
    %%%%%:   44-block  3
    %%%%%:   44-block  4
    %%%%%:   44-block  5
    %%%%%:   44-block  6
        1:   44-block  7
    $$$$$:   44-block  8
    $$$$$:   44-block  9
    $$$$$:   44-block 10
    $$$$$:   44-block 11
    $$$$$:   44-block 12
    $$$$$:   44-block 13
    $$$$$:   44-block 14
        1:   45:}
------------------
_ZN31vistaTrasladadaTEST_palito_TestC1Ev:
        1:   34:TEST(vistaTrasladadaTEST, palito){
        1:   34-block  0
------------------
        -:   46:
        2:   47:TEST(vistaTrasladadaTEST, miniDiagonal){
        -:   48:    toroide t1 = {
        -:   49:            {false, false, true},
        -:   50:            {true, false, false},
        7:   51:            {false, true, false}};
        -:   52:    toroide t2 = {
        -:   53:            {true, false, false},
        -:   54:            {false, false, true},
        7:   55:            {false, true, false}};
        1:   56:    bool res = vistaTrasladada(t1, t2);
       1*:   57:    EXPECT_FALSE(res);
        1:   58:}
------------------
_ZN37vistaTrasladadaTEST_miniDiagonal_Test8TestBodyEv:
        1:   47:TEST(vistaTrasladadaTEST, miniDiagonal){
        -:   48:    toroide t1 = {
        -:   49:            {false, false, true},
        -:   50:            {true, false, false},
        7:   51:            {false, true, false}};
        1:   51-block  0
        1:   51-block  1
        1:   51-block  2
        1:   51-block  3
        3:   51-block  4
        1:   51-block  5
    $$$$$:   51-block  6
    $$$$$:   51-block  7
    $$$$$:   51-block  8
    $$$$$:   51-block  9
    $$$$$:   51-block 10
    $$$$$:   51-block 11
    $$$$$:   51-block 12
    $$$$$:   51-block 13
    $$$$$:   51-block 14
    $$$$$:   51-block 15
        -:   52:    toroide t2 = {
        -:   53:            {true, false, false},
        -:   54:            {false, false, true},
        7:   55:            {false, true, false}};
        1:   55-block  0
        1:   55-block  1
        1:   55-block  2
        3:   55-block  3
        1:   55-block  4
    $$$$$:   55-block  5
    $$$$$:   55-block  6
    $$$$$:   55-block  7
    $$$$$:   55-block  8
    $$$$$:   55-block  9
    $$$$$:   55-block 10
    $$$$$:   55-block 11
    $$$$$:   55-block 12
    $$$$$:   55-block 13
    $$$$$:   55-block 14
        1:   56:    bool res = vistaTrasladada(t1, t2);
       1*:   57:    EXPECT_FALSE(res);
        1:   57-block  0
        1:   57-block  1
    %%%%%:   57-block  2
    %%%%%:   57-block  3
    %%%%%:   57-block  4
    %%%%%:   57-block  5
    %%%%%:   57-block  6
        1:   57-block  7
    $$$$$:   57-block  8
    $$$$$:   57-block  9
    $$$$$:   57-block 10
    $$$$$:   57-block 11
    $$$$$:   57-block 12
    $$$$$:   57-block 13
    $$$$$:   57-block 14
    $$$$$:   57-block 15
        1:   58:}
------------------
_ZN37vistaTrasladadaTEST_miniDiagonal_TestC1Ev:
        1:   47:TEST(vistaTrasladadaTEST, miniDiagonal){
        1:   47-block  0
------------------
        -:   59:
        2:   60:TEST(vistaTrasladadaTEST, noCuadrado){
        -:   61:    toroide t1 = {
        -:   62:            {true, false, false},
        -:   63:            {false, false, false},
        -:   64:            {false, true, false},
        8:   65:            {false, false, false}};
        -:   66:    toroide t2 = {
        -:   67:            {false, false, true},
        -:   68:            {false, false, false},
        -:   69:            {false, true, false},
        8:   70:            {false, false, false}};
        -:   71:
        1:   72:    bool res = vistaTrasladada(t1, t2);
       1*:   73:    EXPECT_TRUE(res);
        1:   74:}
------------------
_ZN35vistaTrasladadaTEST_noCuadrado_Test8TestBodyEv:
        1:   60:TEST(vistaTrasladadaTEST, noCuadrado){
        -:   61:    toroide t1 = {
        -:   62:            {true, false, false},
        -:   63:            {false, false, false},
        -:   64:            {false, true, false},
        8:   65:            {false, false, false}};
        1:   65-block  0
        1:   65-block  1
        1:   65-block  2
        1:   65-block  3
        1:   65-block  4
        4:   65-block  5
        1:   65-block  6
    $$$$$:   65-block  7
    $$$$$:   65-block  8
    $$$$$:   65-block  9
    $$$$$:   65-block 10
    $$$$$:   65-block 11
    $$$$$:   65-block 12
    $$$$$:   65-block 13
    $$$$$:   65-block 14
    $$$$$:   65-block 15
    $$$$$:   65-block 16
    $$$$$:   65-block 17
    $$$$$:   65-block 18
        -:   66:    toroide t2 = {
        -:   67:            {false, false, true},
        -:   68:            {false, false, false},
        -:   69:            {false, true, false},
        8:   70:            {false, false, false}};
        1:   70-block  0
        1:   70-block  1
        1:   70-block  2
        1:   70-block  3
        4:   70-block  4
        1:   70-block  5
    $$$$$:   70-block  6
    $$$$$:   70-block  7
    $$$$$:   70-block  8
    $$$$$:   70-block  9
    $$$$$:   70-block 10
    $$$$$:   70-block 11
    $$$$$:   70-block 12
    $$$$$:   70-block 13
    $$$$$:   70-block 14
    $$$$$:   70-block 15
    $$$$$:   70-block 16
    $$$$$:   70-block 17
        -:   71:
        1:   72:    bool res = vistaTrasladada(t1, t2);
       1*:   73:    EXPECT_TRUE(res);
        1:   73-block  0
        1:   73-block  1
    %%%%%:   73-block  2
    %%%%%:   73-block  3
    %%%%%:   73-block  4
    %%%%%:   73-block  5
    %%%%%:   73-block  6
        1:   73-block  7
    $$$$$:   73-block  8
    $$$$$:   73-block  9
    $$$$$:   73-block 10
    $$$$$:   73-block 11
    $$$$$:   73-block 12
    $$$$$:   73-block 13
    $$$$$:   73-block 14
        1:   74:}
------------------
_ZN35vistaTrasladadaTEST_noCuadrado_TestC1Ev:
        1:   60:TEST(vistaTrasladadaTEST, noCuadrado){
        1:   60-block  0
------------------
