        -:    0:Source:C:/Users/Usuario/CLionProjects/TPI---Algoritos-I/tests/EJ12_menorSuperficieVivaTEST.cpp
        -:    0:Graph:C:\Users\Usuario\CLionProjects\TPI---Algoritos-I\cmake-build-debug\CMakeFiles\juegoDeLaVida.dir\tests\EJ12_menorSuperficieVivaTEST.gcno
        -:    0:Data:C:\Users\Usuario\CLionProjects\TPI---Algoritos-I\cmake-build-debug\CMakeFiles\juegoDeLaVida.dir\tests\EJ12_menorSuperficieVivaTEST.gcda
        -:    0:Runs:1
        -:    1:#include "../ejercicios.h"
        -:    2:#include "gtest/gtest.h"
        -:    3:
        -:    4:using namespace std;
        -:    5:
        2:    6:TEST(menorSuperficieVivaTEST, enunciado){
        -:    7:    toroide t = {
        -:    8:            {true, false, false, true},   // 1
        -:    9:            {false, false, false, false}, // 2
        -:   10:            {false, false, false, false}, // 3
        8:   11:            {true, true, false, false}};  // 4
        -:   12:
        1:   13:    int res = menorSuperficieViva(t);
       1*:   14:    EXPECT_EQ(res, 6);
        1:   15:}
------------------
_ZN38menorSuperficieVivaTEST_enunciado_Test8TestBodyEv:
        1:    6:TEST(menorSuperficieVivaTEST, enunciado){
        -:    7:    toroide t = {
        -:    8:            {true, false, false, true},   // 1
        -:    9:            {false, false, false, false}, // 2
        -:   10:            {false, false, false, false}, // 3
        8:   11:            {true, true, false, false}};  // 4
        1:   11-block  0
        1:   11-block  1
        1:   11-block  2
        1:   11-block  3
        1:   11-block  4
        4:   11-block  5
        1:   11-block  6
    $$$$$:   11-block  7
    $$$$$:   11-block  8
    $$$$$:   11-block  9
    $$$$$:   11-block 10
    $$$$$:   11-block 11
    $$$$$:   11-block 12
    $$$$$:   11-block 13
    $$$$$:   11-block 14
    $$$$$:   11-block 15
    $$$$$:   11-block 16
    $$$$$:   11-block 17
    $$$$$:   11-block 18
        -:   12:
        1:   13:    int res = menorSuperficieViva(t);
       1*:   14:    EXPECT_EQ(res, 6);
        1:   14-block  0
        1:   14-block  1
    %%%%%:   14-block  2
    %%%%%:   14-block  3
    %%%%%:   14-block  4
    %%%%%:   14-block  5
    %%%%%:   14-block  6
        1:   14-block  7
    $$$$$:   14-block  8
    $$$$$:   14-block  9
    $$$$$:   14-block 10
    $$$$$:   14-block 11
    $$$$$:   14-block 12
    $$$$$:   14-block 13
        1:   15:}
------------------
_ZN38menorSuperficieVivaTEST_enunciado_TestC1Ev:
        1:    6:TEST(menorSuperficieVivaTEST, enunciado){
        1:    6-block  0
------------------
        -:   16:
        2:   17:TEST(menorSuperficieVivaTEST, 2por2){
        -:   18:    toroide t = {
        -:   19:            {true, false, false, true},   // 1
        -:   20:            {false, false, false, true}, // 2
        -:   21:            {false, false, false, false}, // 3
        8:   22:            {false, false, false, false}};  // 4
        -:   23:
        1:   24:    int res = menorSuperficieViva(t);
       1*:   25:    EXPECT_EQ(res, 4);
        1:   26:}
------------------
_ZN34menorSuperficieVivaTEST_2por2_Test8TestBodyEv:
        1:   17:TEST(menorSuperficieVivaTEST, 2por2){
        -:   18:    toroide t = {
        -:   19:            {true, false, false, true},   // 1
        -:   20:            {false, false, false, true}, // 2
        -:   21:            {false, false, false, false}, // 3
        8:   22:            {false, false, false, false}};  // 4
        1:   22-block  0
        1:   22-block  1
        1:   22-block  2
        1:   22-block  3
        1:   22-block  4
        4:   22-block  5
        1:   22-block  6
    $$$$$:   22-block  7
    $$$$$:   22-block  8
    $$$$$:   22-block  9
    $$$$$:   22-block 10
    $$$$$:   22-block 11
    $$$$$:   22-block 12
    $$$$$:   22-block 13
    $$$$$:   22-block 14
    $$$$$:   22-block 15
    $$$$$:   22-block 16
    $$$$$:   22-block 17
    $$$$$:   22-block 18
        -:   23:
        1:   24:    int res = menorSuperficieViva(t);
       1*:   25:    EXPECT_EQ(res, 4);
        1:   25-block  0
        1:   25-block  1
    %%%%%:   25-block  2
    %%%%%:   25-block  3
    %%%%%:   25-block  4
    %%%%%:   25-block  5
    %%%%%:   25-block  6
        1:   25-block  7
    $$$$$:   25-block  8
    $$$$$:   25-block  9
    $$$$$:   25-block 10
    $$$$$:   25-block 11
    $$$$$:   25-block 12
    $$$$$:   25-block 13
        1:   26:}
------------------
_ZN34menorSuperficieVivaTEST_2por2_TestC1Ev:
        1:   17:TEST(menorSuperficieVivaTEST, 2por2){
        1:   17-block  0
------------------
        -:   27:
        2:   28:TEST(menorSuperficieVivaTEST, noCuadrado){
        -:   29:    toroide t = {
        -:   30:            {true, false, false, true},   // 1
        -:   31:            {false, false, true, true}, // 2
        7:   32:            {false, false, false, false},};  // 3
        -:   33:
        1:   34:    int res = menorSuperficieViva(t);
       1*:   35:    EXPECT_EQ(res, 6);
        1:   36:}
------------------
_ZN39menorSuperficieVivaTEST_noCuadrado_Test8TestBodyEv:
        1:   28:TEST(menorSuperficieVivaTEST, noCuadrado){
        -:   29:    toroide t = {
        -:   30:            {true, false, false, true},   // 1
        -:   31:            {false, false, true, true}, // 2
        7:   32:            {false, false, false, false},};  // 3
        1:   32-block  0
        1:   32-block  1
        1:   32-block  2
        1:   32-block  3
        3:   32-block  4
        1:   32-block  5
    $$$$$:   32-block  6
    $$$$$:   32-block  7
    $$$$$:   32-block  8
    $$$$$:   32-block  9
    $$$$$:   32-block 10
    $$$$$:   32-block 11
    $$$$$:   32-block 12
    $$$$$:   32-block 13
    $$$$$:   32-block 14
    $$$$$:   32-block 15
        -:   33:
        1:   34:    int res = menorSuperficieViva(t);
       1*:   35:    EXPECT_EQ(res, 6);
        1:   35-block  0
        1:   35-block  1
    %%%%%:   35-block  2
    %%%%%:   35-block  3
    %%%%%:   35-block  4
    %%%%%:   35-block  5
    %%%%%:   35-block  6
        1:   35-block  7
    $$$$$:   35-block  8
    $$$$$:   35-block  9
    $$$$$:   35-block 10
    $$$$$:   35-block 11
    $$$$$:   35-block 12
    $$$$$:   35-block 13
        1:   36:}
------------------
_ZN39menorSuperficieVivaTEST_noCuadrado_TestC1Ev:
        1:   28:TEST(menorSuperficieVivaTEST, noCuadrado){
        1:   28-block  0
------------------
