        -:    0:Source:C:/Users/Usuario/CLionProjects/TPI---Algoritos-I/main.cpp
        -:    0:Graph:C:\Users\Usuario\CLionProjects\TPI---Algoritos-I\cmake-build-debug\CMakeFiles\juegoDeLaVida.dir\main.gcno
        -:    0:Data:C:\Users\Usuario\CLionProjects\TPI---Algoritos-I\cmake-build-debug\CMakeFiles\juegoDeLaVida.dir\main.gcda
        -:    0:Runs:1
        -:    1:// MAIN del Trabajo Practico de Implementacion
        -:    2:#include <iostream>
        -:    3:#include "gtest/gtest.h"
        -:    4:using namespace std;
        -:    5:
        1:    6:int main(int argc, char **argv) {
        -:    7:
        1:    8:    std::cout << "Implementando TPI!!" << std::endl;
        1:    8-block  0
        1:    9:    ::testing::InitGoogleTest(&argc, argv);
        1:   10:    return RUN_ALL_TESTS();
        -:   11:}
